<?xml version="1.0" encoding="UTF-8"?>
<testsuite name="jnr.unixsocket.ForFDTest" tests="1" skipped="0" failures="0" errors="0" timestamp="2016-09-20T03:18:35" hostname="zuoer-K53SV" time="0.003">
  <properties/>
  <testcase name="testForFD" classname="jnr.unixsocket.ForFDTest" time="0.003"/>
  <system-out><![CDATA[]]></system-out>
  <system-err><![CDATA[]]></system-err>
</testsuite>
