<?xml version="1.0" encoding="UTF-8"?>
<testsuite name="jnr.unixsocket.CredentialsFunctionalTest" tests="1" skipped="0" failures="0" errors="0" timestamp="2016-09-20T03:18:34" hostname="zuoer-K53SV" time="0.711">
  <properties/>
  <testcase name="credentials" classname="jnr.unixsocket.CredentialsFunctionalTest" time="0.711"/>
  <system-out><![CDATA[]]></system-out>
  <system-err><![CDATA[]]></system-err>
</testsuite>
